<?xml version="1.0" encoding="UTF-8"?>
<!-- Generated by org.testng.reporters.JUnitXMLReporter -->
<testsuite hostname="LAPTOP-RVCR72OL" ignored="0" name="BankingApp Test" tests="2" failures="0" timestamp="19 Sep 2020 18:09:59 GMT" time="44.062" errors="0">
  <testcase name="loginTest" time="4.798" classname="com.inetbanking.testCases.TC_LoginTest_001"/>
  <testcase name="addNewCustomer" time="21.264" classname="com.inetbanking.testCases.TC_AddCustomerTest_003"/>
</testsuite> <!-- BankingApp Test -->
